# JRE version: Java(TM) SE Runtime Environment (22.0.2+9) (build 22.0.2+9-70)
# Java VM: Java HotSpot(TM) 64-Bit Server VM (22.0.2+9-70, mixed mode, sharing, tiered, compressed oops, compressed class ptrs, g1 gc, windows-amd64)
GC Precious Log:
 CardTable entry size: 512
 Card Set container configuration: InlinePtr #cards 5 size 8 Array Of Cards #cards 12 size 40 Howl #buckets 4 coarsen threshold 1843 Howl Bitmap #cards 512 size 80 coarsen threshold 460 Card regions per heap region 1 cards per card region 2048
 CPUs: 2 total, 2 available
 Memory: 5877M
 Large Page Support: Disabled
 NUMA Support: Disabled
 Compressed Oops: Enabled (32-bit)
 Heap Region Size: 1M
 Heap Min Capacity: 8M
 Heap Initial Capacity: 92M
 Heap Max Capacity: 1470M
 Pre-touch: Disabled
 Parallel Workers: 2
 Concurrent Workers: 1
 Concurrent Refinement Workers: 2
 Periodic GC: Disabled
Heap:
 garbage-first heap   total reserved 1505280K, committed 174080K, used 147362K [0x00000000a4200000, 0x0000000100000000)
  region size 1024K, 43 young (44032K), 2 survivors (2048K)
 Metaspace       used 71896K, committed 72256K, reserved 1114112K
  class space    used 7888K, committed 8064K, reserved 1048576K
GC Heap History (20 events):
Event: 48.911 GC heap before
{Heap before GC invocations=20 (full 0):
 garbage-first heap   total reserved 1505280K, committed 111616K, used 81920K [0x00000000a4200000, 0x0000000100000000)
  region size 1024K, 18 young (18432K), 3 survivors (3072K)
 Metaspace       used 51177K, committed 51584K, reserved 1114112K
  class space    used 6196K, committed 6400K, reserved 1048576K
}
Event: 48.916 GC heap after
{Heap after GC invocations=21 (full 0):
 garbage-first heap   total reserved 1505280K, committed 111616K, used 68420K [0x00000000a4200000, 0x0000000100000000)
  region size 1024K, 2 young (2048K), 2 survivors (2048K)
 Metaspace       used 51177K, committed 51584K, reserved 1114112K
  class space    used 6196K, committed 6400K, reserved 1048576K
}
Event: 54.292 GC heap before
{Heap before GC invocations=21 (full 0):
 garbage-first heap   total reserved 1505280K, committed 111616K, used 94020K [0x00000000a4200000, 0x0000000100000000)
  region size 1024K, 28 young (28672K), 2 survivors (2048K)
 Metaspace       used 55060K, committed 55424K, reserved 1114112K
  class space    used 6569K, committed 6720K, reserved 1048576K
}
Event: 54.309 GC heap after
{Heap after GC invocations=22 (full 0):
 garbage-first heap   total reserved 1505280K, committed 111616K, used 71050K [0x00000000a4200000, 0x0000000100000000)
  region size 1024K, 4 young (4096K), 4 survivors (4096K)
 Metaspace       used 55060K, committed 55424K, reserved 1114112K
  class space    used 6569K, committed 6720K, reserved 1048576K
}
Event: 58.135 GC heap before
{Heap before GC invocations=22 (full 0):
 garbage-first heap   total reserved 1505280K, committed 111616K, used 95626K [0x00000000a4200000, 0x0000000100000000)
  region size 1024K, 29 young (29696K), 4 survivors (4096K)
 Metaspace       used 58065K, committed 58496K, reserved 1114112K
  class space    used 6886K, committed 7040K, reserved 1048576K
}
Event: 58.160 GC heap after
{Heap after GC invocations=23 (full 0):
 garbage-first heap   total reserved 1505280K, committed 111616K, used 75603K [0x00000000a4200000, 0x0000000100000000)
  region size 1024K, 4 young (4096K), 4 survivors (4096K)
 Metaspace       used 58065K, committed 58496K, reserved 1114112K
  class space    used 6886K, committed 7040K, reserved 1048576K
}
Event: 63.468 GC heap before
{Heap before GC invocations=24 (full 0):
 garbage-first heap   total reserved 1505280K, committed 126976K, used 98131K [0x00000000a4200000, 0x0000000100000000)
  region size 1024K, 27 young (27648K), 4 survivors (4096K)
 Metaspace       used 59750K, committed 60160K, reserved 1114112K
  class space    used 7005K, committed 7168K, reserved 1048576K
}
Event: 63.481 GC heap after
{Heap after GC invocations=25 (full 0):
 garbage-first heap   total reserved 1505280K, committed 126976K, used 79872K [0x00000000a4200000, 0x0000000100000000)
  region size 1024K, 4 young (4096K), 4 survivors (4096K)
 Metaspace       used 59750K, committed 60160K, reserved 1114112K
  class space    used 7005K, committed 7168K, reserved 1048576K
}
Event: 68.019 GC heap before
{Heap before GC invocations=25 (full 0):
 garbage-first heap   total reserved 1505280K, committed 126976K, used 110592K [0x00000000a4200000, 0x0000000100000000)
  region size 1024K, 35 young (35840K), 4 survivors (4096K)
 Metaspace       used 60478K, committed 60864K, reserved 1114112K
  class space    used 7053K, committed 7232K, reserved 1048576K
}
Event: 68.042 GC heap after
{Heap after GC invocations=26 (full 0):
 garbage-first heap   total reserved 1505280K, committed 126976K, used 86016K [0x00000000a4200000, 0x0000000100000000)
  region size 1024K, 5 young (5120K), 5 survivors (5120K)
 Metaspace       used 60478K, committed 60864K, reserved 1114112K
  class space    used 7053K, committed 7232K, reserved 1048576K
}
Event: 76.212 GC heap before
{Heap before GC invocations=26 (full 0):
 garbage-first heap   total reserved 1505280K, committed 126976K, used 112640K [0x00000000a4200000, 0x0000000100000000)
  region size 1024K, 31 young (31744K), 5 survivors (5120K)
 Metaspace       used 61041K, committed 61440K, reserved 1114112K
  class space    used 7085K, committed 7296K, reserved 1048576K
}
Event: 76.229 GC heap after
{Heap after GC invocations=27 (full 0):
 garbage-first heap   total reserved 1505280K, committed 126976K, used 91136K [0x00000000a4200000, 0x0000000100000000)
  region size 1024K, 4 young (4096K), 4 survivors (4096K)
 Metaspace       used 61041K, committed 61440K, reserved 1114112K
  class space    used 7085K, committed 7296K, reserved 1048576K
}
Event: 80.735 GC heap before
{Heap before GC invocations=28 (full 0):
 garbage-first heap   total reserved 1505280K, committed 152576K, used 114688K [0x00000000a4200000, 0x0000000100000000)
  region size 1024K, 27 young (27648K), 4 survivors (4096K)
 Metaspace       used 61394K, committed 61824K, reserved 1114112K
  class space    used 7093K, committed 7296K, reserved 1048576K
}
Event: 80.749 GC heap after
{Heap after GC invocations=29 (full 0):
 garbage-first heap   total reserved 1505280K, committed 152576K, used 95744K [0x00000000a4200000, 0x0000000100000000)
  region size 1024K, 4 young (4096K), 4 survivors (4096K)
 Metaspace       used 61394K, committed 61824K, reserved 1114112K
  class space    used 7093K, committed 7296K, reserved 1048576K
}
Event: 89.161 GC heap before
{Heap before GC invocations=29 (full 0):
 garbage-first heap   total reserved 1505280K, committed 152576K, used 132608K [0x00000000a4200000, 0x0000000100000000)
  region size 1024K, 40 young (40960K), 4 survivors (4096K)
 Metaspace       used 62072K, committed 62464K, reserved 1114112K
  class space    used 7127K, committed 7296K, reserved 1048576K
}
Event: 89.179 GC heap after
{Heap after GC invocations=30 (full 0):
 garbage-first heap   total reserved 1505280K, committed 152576K, used 100080K [0x00000000a4200000, 0x0000000100000000)
  region size 1024K, 5 young (5120K), 5 survivors (5120K)
 Metaspace       used 62072K, committed 62464K, reserved 1114112K
  class space    used 7127K, committed 7296K, reserved 1048576K
}
Event: 94.174 GC heap before
{Heap before GC invocations=30 (full 0):
 garbage-first heap   total reserved 1505280K, committed 152576K, used 135920K [0x00000000a4200000, 0x0000000100000000)
  region size 1024K, 40 young (40960K), 5 survivors (5120K)
 Metaspace       used 63451K, committed 63872K, reserved 1114112K
  class space    used 7240K, committed 7424K, reserved 1048576K
}
Event: 94.190 GC heap after
{Heap after GC invocations=31 (full 0):
 garbage-first heap   total reserved 1505280K, committed 152576K, used 104301K [0x00000000a4200000, 0x0000000100000000)
  region size 1024K, 4 young (4096K), 4 survivors (4096K)
 Metaspace       used 63451K, committed 63872K, reserved 1114112K
  class space    used 7240K, committed 7424K, reserved 1048576K
}
Event: 106.415 GC heap before
{Heap before GC invocations=32 (full 0):
 garbage-first heap   total reserved 1505280K, committed 174080K, used 138093K [0x00000000a4200000, 0x0000000100000000)
  region size 1024K, 37 young (37888K), 4 survivors (4096K)
 Metaspace       used 65710K, committed 66176K, reserved 1114112K
  class space    used 7333K, committed 7552K, reserved 1048576K
}
Event: 106.429 GC heap after
{Heap after GC invocations=33 (full 0):
 garbage-first heap   total reserved 1505280K, committed 174080K, used 106402K [0x00000000a4200000, 0x0000000100000000)
  region size 1024K, 2 young (2048K), 2 survivors (2048K)
 Metaspace       used 65710K, committed 66176K, reserved 1114112K
  class space    used 7333K, committed 7552K, reserved 1048576K
}

