# JRE version: OpenJDK Runtime Environment Temurin-21.0.12.1+1 (21.0.12.1+1) (build 21.0.12.1+1-LTS)
# Java VM: OpenJDK 64-Bit Server VM Temurin-21.0.12.1+1 (21.0.12.1+1-LTS, mixed mode, sharing, tiered, compressed oops, compressed class ptrs, g1 gc, windows-amd64)
GC Precious Log:
 CardTable entry size: 512
 Card Set container configuration: InlinePtr #cards 4 size 8 Array Of Cards #cards 32 size 80 Howl #buckets 8 coarsen threshold 7372 Howl Bitmap #cards 1024 size 144 coarsen threshold 921 Card regions per heap region 1 cards per card region 8192
 CPUs: 2 total, 2 available
 Memory: 5877M
 Large Page Support: Disabled
 NUMA Support: Disabled
 Compressed Oops: Enabled (Zero based)
 Heap Region Size: 4M
 Heap Min Capacity: 8M
 Heap Initial Capacity: 92M
 Heap Max Capacity: 8G
 Pre-touch: Disabled
 Parallel Workers: 2
 Concurrent Workers: 1
 Concurrent Refinement Workers: 2
 Periodic GC: Disabled
Heap:
 garbage-first heap   total 888832K, used 321723K [0x0000000600000000, 0x0000000800000000)
  region size 4096K, 2 young (8192K), 2 survivors (8192K)
 Metaspace       used 191766K, committed 194944K, reserved 1245184K
  class space    used 25290K, committed 26880K, reserved 1048576K
GC Heap History (20 events):
Event: 2758.778 GC heap after
{Heap after GC invocations=120 (full 0):
 garbage-first heap   total 618496K, used 235650K [0x0000000600000000, 0x0000000800000000)
  region size 4096K, 2 young (8192K), 2 survivors (8192K)
 Metaspace       used 190430K, committed 193536K, reserved 1245184K
  class space    used 25253K, committed 26816K, reserved 1048576K
}
Event: 2764.945 GC heap before
{Heap before GC invocations=120 (full 0):
 garbage-first heap   total 618496K, used 301186K [0x0000000600000000, 0x0000000800000000)
  region size 4096K, 18 young (73728K), 2 survivors (8192K)
 Metaspace       used 190496K, committed 193664K, reserved 1245184K
  class space    used 25255K, committed 26816K, reserved 1048576K
}
Event: 2765.049 GC heap after
{Heap after GC invocations=121 (full 0):
 garbage-first heap   total 618496K, used 248132K [0x0000000600000000, 0x0000000800000000)
  region size 4096K, 3 young (12288K), 3 survivors (12288K)
 Metaspace       used 190496K, committed 193664K, reserved 1245184K
  class space    used 25255K, committed 26816K, reserved 1048576K
}
Event: 2765.579 GC heap before
{Heap before GC invocations=121 (full 0):
 garbage-first heap   total 618496K, used 264516K [0x0000000600000000, 0x0000000800000000)
  region size 4096K, 7 young (28672K), 3 survivors (12288K)
 Metaspace       used 190496K, committed 193664K, reserved 1245184K
  class space    used 25255K, committed 26816K, reserved 1048576K
}
Event: 2765.671 GC heap after
{Heap after GC invocations=122 (full 0):
 garbage-first heap   total 618496K, used 249856K [0x0000000600000000, 0x0000000800000000)
  region size 4096K, 1 young (4096K), 1 survivors (4096K)
 Metaspace       used 190496K, committed 193664K, reserved 1245184K
  class space    used 25255K, committed 26816K, reserved 1048576K
}
Event: 2768.596 GC heap before
{Heap before GC invocations=122 (full 0):
 garbage-first heap   total 618496K, used 282624K [0x0000000600000000, 0x0000000800000000)
  region size 4096K, 9 young (36864K), 1 survivors (4096K)
 Metaspace       used 190540K, committed 193728K, reserved 1245184K
  class space    used 25256K, committed 26816K, reserved 1048576K
}
Event: 2768.664 GC heap after
{Heap after GC invocations=123 (full 0):
 garbage-first heap   total 618496K, used 255429K [0x0000000600000000, 0x0000000800000000)
  region size 4096K, 2 young (8192K), 2 survivors (8192K)
 Metaspace       used 190540K, committed 193728K, reserved 1245184K
  class space    used 25256K, committed 26816K, reserved 1048576K
}
Event: 2771.474 GC heap before
{Heap before GC invocations=123 (full 0):
 garbage-first heap   total 618496K, used 275909K [0x0000000600000000, 0x0000000800000000)
  region size 4096K, 7 young (28672K), 2 survivors (8192K)
 Metaspace       used 190614K, committed 193792K, reserved 1245184K
  class space    used 25257K, committed 26816K, reserved 1048576K
}
Event: 2771.698 GC heap after
{Heap after GC invocations=124 (full 0):
 garbage-first heap   total 618496K, used 256948K [0x0000000600000000, 0x0000000800000000)
  region size 4096K, 1 young (4096K), 1 survivors (4096K)
 Metaspace       used 190614K, committed 193792K, reserved 1245184K
  class space    used 25257K, committed 26816K, reserved 1048576K
}
Event: 2773.398 GC heap before
{Heap before GC invocations=124 (full 0):
 garbage-first heap   total 618496K, used 285620K [0x0000000600000000, 0x0000000800000000)
  region size 4096K, 8 young (32768K), 1 survivors (4096K)
 Metaspace       used 190656K, committed 193792K, reserved 1245184K
  class space    used 25257K, committed 26816K, reserved 1048576K
}
Event: 2773.469 GC heap after
{Heap after GC invocations=125 (full 0):
 garbage-first heap   total 1052672K, used 268641K [0x0000000600000000, 0x0000000800000000)
  region size 4096K, 1 young (4096K), 1 survivors (4096K)
 Metaspace       used 190656K, committed 193792K, reserved 1245184K
  class space    used 25257K, committed 26816K, reserved 1048576K
}
Event: 2784.489 GC heap before
{Heap before GC invocations=126 (full 0):
 garbage-first heap   total 888832K, used 301409K [0x0000000600000000, 0x0000000800000000)
  region size 4096K, 10 young (40960K), 1 survivors (4096K)
 Metaspace       used 191191K, committed 194368K, reserved 1245184K
  class space    used 25266K, committed 26816K, reserved 1048576K
}
Event: 2784.567 GC heap after
{Heap after GC invocations=127 (full 0):
 garbage-first heap   total 888832K, used 272737K [0x0000000600000000, 0x0000000800000000)
  region size 4096K, 2 young (8192K), 2 survivors (8192K)
 Metaspace       used 191191K, committed 194368K, reserved 1245184K
  class space    used 25266K, committed 26816K, reserved 1048576K
}
Event: 2785.181 GC heap before
{Heap before GC invocations=127 (full 0):
 garbage-first heap   total 888832K, used 305505K [0x0000000600000000, 0x0000000800000000)
  region size 4096K, 10 young (40960K), 2 survivors (8192K)
 Metaspace       used 191192K, committed 194368K, reserved 1245184K
  class space    used 25266K, committed 26816K, reserved 1048576K
}
Event: 2785.285 GC heap after
{Heap after GC invocations=128 (full 0):
 garbage-first heap   total 888832K, used 285025K [0x0000000600000000, 0x0000000800000000)
  region size 4096K, 2 young (8192K), 2 survivors (8192K)
 Metaspace       used 191192K, committed 194368K, reserved 1245184K
  class space    used 25266K, committed 26816K, reserved 1048576K
}
Event: 2785.476 GC heap before
{Heap before GC invocations=128 (full 0):
 garbage-first heap   total 888832K, used 317793K [0x0000000600000000, 0x0000000800000000)
  region size 4096K, 10 young (40960K), 2 survivors (8192K)
 Metaspace       used 191203K, committed 194368K, reserved 1245184K
  class space    used 25266K, committed 26816K, reserved 1048576K
}
Event: 2785.562 GC heap after
{Heap after GC invocations=129 (full 0):
 garbage-first heap   total 888832K, used 297313K [0x0000000600000000, 0x0000000800000000)
  region size 4096K, 2 young (8192K), 2 survivors (8192K)
 Metaspace       used 191203K, committed 194368K, reserved 1245184K
  class space    used 25266K, committed 26816K, reserved 1048576K
}
Event: 2787.211 GC heap before
{Heap before GC invocations=129 (full 0):
 garbage-first heap   total 888832K, used 325985K [0x0000000600000000, 0x0000000800000000)
  region size 4096K, 10 young (40960K), 2 survivors (8192K)
 Metaspace       used 191462K, committed 194560K, reserved 1245184K
  class space    used 25275K, committed 26816K, reserved 1048576K
}
Event: 2787.263 GC heap after
{Heap after GC invocations=130 (full 0):
 garbage-first heap   total 888832K, used 306946K [0x0000000600000000, 0x0000000800000000)
  region size 4096K, 2 young (8192K), 2 survivors (8192K)
 Metaspace       used 191462K, committed 194560K, reserved 1245184K
  class space    used 25275K, committed 26816K, reserved 1048576K
}
Event: 2801.980 GC heap before
{Heap before GC invocations=130 (full 0):
 garbage-first heap   total 888832K, used 356098K [0x0000000600000000, 0x0000000800000000)
  region size 4096K, 15 young (61440K), 2 survivors (8192K)
 Metaspace       used 191766K, committed 194944K, reserved 1245184K
  class space    used 25290K, committed 26880K, reserved 1048576K
}

